android/app/build/intermediates/manifest_merge_blame_file/debug/manifest-merger-blame-debug-report.txt
1<?xml version="1.0" encoding="utf-8"?>
2<manifest xmlns:android="http://schemas.android.com/apk/res/android"
3    package="com.deliveryapp"
4    android:versionCode="1"
5    android:versionName="1.0" >
6
7    <uses-sdk
8        android:minSdkVersion="21"
9        android:targetSdkVersion="29" />
10
11    <uses-permission android:name="android.permission.SYSTEM_ALERT_WINDOW" />
11-->src\main\AndroidManifest.xml:5:3-75
11-->src\main\AndroidManifest.xml:5:20-73
12    <uses-permission android:name="android.permission.INTERNET" /> <!-- OPTIONAL PERMISSIONS, REMOVE WHATEVER YOU DO NOT NEED -->
12-->src\main\AndroidManifest.xml:4:6-67
12-->src\main\AndroidManifest.xml:4:23-65
13    <uses-permission android:name="android.permission.MANAGE_DOCUMENTS" />
13-->src\main\AndroidManifest.xml:7:3-72
13-->src\main\AndroidManifest.xml:7:20-70
14    <uses-permission android:name="android.permission.READ_INTERNAL_STORAGE" />
14-->src\main\AndroidManifest.xml:8:3-77
14-->src\main\AndroidManifest.xml:8:20-75
15    <uses-permission android:name="android.permission.READ_PHONE_STATE" />
15-->src\main\AndroidManifest.xml:9:3-72
15-->src\main\AndroidManifest.xml:9:20-70
16    <uses-permission android:name="android.permission.USE_FINGERPRINT" />
16-->src\main\AndroidManifest.xml:10:3-71
16-->src\main\AndroidManifest.xml:10:20-69
17    <uses-permission android:name="android.permission.VIBRATE" />
17-->src\main\AndroidManifest.xml:11:3-63
17-->src\main\AndroidManifest.xml:11:20-61
18    <uses-permission android:name="android.permission.MODIFY_AUDIO_SETTINGS" /> <!-- These require runtime permissions on M -->
18-->src\main\AndroidManifest.xml:12:3-77
18-->src\main\AndroidManifest.xml:12:20-75
19    <uses-permission android:name="android.permission.ACCESS_COARSE_LOCATION" />
19-->src\main\AndroidManifest.xml:16:3-78
19-->src\main\AndroidManifest.xml:16:20-76
20    <uses-permission android:name="android.permission.ACCESS_FINE_LOCATION" />
20-->src\main\AndroidManifest.xml:17:3-76
20-->src\main\AndroidManifest.xml:17:20-74
21    <uses-permission android:name="android.permission.CAMERA" />
21-->src\main\AndroidManifest.xml:18:3-62
21-->src\main\AndroidManifest.xml:18:20-60
22    <uses-permission android:name="android.permission.READ_CONTACTS" />
22-->src\main\AndroidManifest.xml:19:3-69
22-->src\main\AndroidManifest.xml:19:20-67
23    <uses-permission android:name="android.permission.READ_CALENDAR" />
23-->src\main\AndroidManifest.xml:20:3-69
23-->src\main\AndroidManifest.xml:20:20-67
24    <uses-permission android:name="android.permission.WRITE_CALENDAR" />
24-->src\main\AndroidManifest.xml:21:3-70
24-->src\main\AndroidManifest.xml:21:20-68
25    <uses-permission android:name="android.permission.READ_EXTERNAL_STORAGE" />
25-->src\main\AndroidManifest.xml:22:3-77
25-->src\main\AndroidManifest.xml:22:20-75
26    <uses-permission android:name="android.permission.RECORD_AUDIO" />
26-->src\main\AndroidManifest.xml:23:3-68
26-->src\main\AndroidManifest.xml:23:20-66
27    <uses-permission android:name="android.permission.WRITE_EXTERNAL_STORAGE" />
27-->src\main\AndroidManifest.xml:24:3-78
27-->src\main\AndroidManifest.xml:24:20-76
28    <uses-permission android:name="android.permission.WRITE_SETTINGS" />
28-->src\main\AndroidManifest.xml:25:3-70
28-->src\main\AndroidManifest.xml:25:20-68
29    <uses-permission android:name="com.google.android.apps.photos.permission.GOOGLE_PHOTOS" />
29-->src\main\AndroidManifest.xml:26:3-92
29-->src\main\AndroidManifest.xml:26:20-90
30    <uses-permission android:name="android.permission.ACCESS_WIFI_STATE" />
30-->[com.facebook.flipper:flipper:0.37.0] AndroidManifest.xml:16:5-76
30-->[com.facebook.flipper:flipper:0.37.0] AndroidManifest.xml:16:22-73
31    <uses-permission android:name="android.permission.ACCESS_NETWORK_STATE" />
31-->[:expo-updates] AndroidManifest.xml:11:5-79
31-->[:expo-updates] AndroidManifest.xml:11:22-76
32    <uses-permission android:name="android.permission.WAKE_LOCK" />
32-->[:react-native-firebase_analytics] AndroidManifest.xml:13:5-68
32-->[:react-native-firebase_analytics] AndroidManifest.xml:13:22-65
33
34    <uses-feature
34-->[:react-native-camera] AndroidManifest.xml:11:5-13:36
35        android:name="android.hardware.camera"
35-->[:react-native-camera] AndroidManifest.xml:12:9-47
36        android:required="false" />
36-->[:react-native-camera] AndroidManifest.xml:13:9-33
37    <uses-feature
37-->[:react-native-camera] AndroidManifest.xml:14:5-16:36
38        android:name="android.hardware.camera.autofocus"
38-->[:react-native-camera] AndroidManifest.xml:15:9-57
39        android:required="false" />
39-->[:react-native-camera] AndroidManifest.xml:16:9-33
40
41    <uses-permission android:name="android.permission.STORAGE" />
41-->[:expo-file-system] AndroidManifest.xml:15:5-66
41-->[:expo-file-system] AndroidManifest.xml:15:22-63
42    <uses-permission android:name="android.permission.FOREGROUND_SERVICE" />
42-->[:expo-location] AndroidManifest.xml:13:5-77
42-->[:expo-location] AndroidManifest.xml:13:22-74
43
44    <uses-feature
44-->[com.mapbox.mapboxsdk:mapbox-android-sdk:9.1.0] AndroidManifest.xml:9:5-11:35
45        android:glEsVersion="0x00020000"
45-->[com.mapbox.mapboxsdk:mapbox-android-sdk:9.1.0] AndroidManifest.xml:10:9-41
46        android:required="true" />
46-->[com.mapbox.mapboxsdk:mapbox-android-sdk:9.1.0] AndroidManifest.xml:11:9-32
47    <uses-feature
47-->[com.mapbox.mapboxsdk:mapbox-android-sdk:9.1.0] AndroidManifest.xml:12:5-14:36
48        android:name="android.hardware.wifi"
48-->[com.mapbox.mapboxsdk:mapbox-android-sdk:9.1.0] AndroidManifest.xml:13:9-45
49        android:required="false" /> <!-- Required by older versions of Google Play services to create IID tokens -->
49-->[com.mapbox.mapboxsdk:mapbox-android-sdk:9.1.0] AndroidManifest.xml:14:9-33
50    <uses-permission android:name="com.google.android.c2dm.permission.RECEIVE" />
50-->[com.google.firebase:firebase-iid:20.1.5] AndroidManifest.xml:26:5-82
50-->[com.google.firebase:firebase-iid:20.1.5] AndroidManifest.xml:26:22-79
51    <uses-permission android:name="com.google.android.finsky.permission.BIND_GET_INSTALL_REFERRER_SERVICE" />
51-->[com.google.android.gms:play-services-measurement:17.4.3] AndroidManifest.xml:26:5-110
51-->[com.google.android.gms:play-services-measurement:17.4.3] AndroidManifest.xml:26:22-107
52    <uses-permission android:name="com.google.android.providers.gsf.permission.READ_GSERVICES" />
52-->[io.nlopez.smartlocation:library:3.2.11] AndroidManifest.xml:15:5-98
52-->[io.nlopez.smartlocation:library:3.2.11] AndroidManifest.xml:15:22-95
53    <uses-permission android:name="com.google.android.gms.permission.ACTIVITY_RECOGNITION" />
53-->[io.nlopez.smartlocation:library:3.2.11] AndroidManifest.xml:16:5-94
53-->[io.nlopez.smartlocation:library:3.2.11] AndroidManifest.xml:16:22-91
54
55    <application
55-->src\main\AndroidManifest.xml:29:5-50:19
56        android:name="com.deliveryapp.MainApplication"
56-->src\main\AndroidManifest.xml:30:7-38
57        android:allowBackup="false"
57-->src\main\AndroidManifest.xml:34:7-34
58        android:appComponentFactory="androidx.core.app.CoreComponentFactory"
58-->[androidx.core:core:1.1.0] AndroidManifest.xml:24:18-86
59        android:debuggable="true"
60        android:icon="@mipmap/ic_launcher"
60-->src\main\AndroidManifest.xml:32:7-41
61        android:label="@string/app_name"
61-->src\main\AndroidManifest.xml:31:7-39
62        android:requestLegacyExternalStorage="true"
62-->src\main\AndroidManifest.xml:35:7-50
63        android:roundIcon="@mipmap/ic_launcher_round"
63-->src\main\AndroidManifest.xml:33:7-52
64        android:testOnly="true"
65        android:theme="@style/AppTheme"
65-->src\main\AndroidManifest.xml:37:7-38
66        android:usesCleartextTraffic="true" >
66-->src\main\AndroidManifest.xml:36:8-43
67        <activity
67-->src\main\AndroidManifest.xml:38:7-48:18
68            android:name="com.deliveryapp.MainActivity"
68-->src\main\AndroidManifest.xml:39:9-37
69            android:configChanges="keyboard|keyboardHidden|orientation|screenSize|uiMode"
69-->src\main\AndroidManifest.xml:41:9-86
70            android:label="@string/app_name"
70-->src\main\AndroidManifest.xml:40:9-41
71            android:launchMode="singleTask"
71-->src\main\AndroidManifest.xml:42:9-40
72            android:windowSoftInputMode="adjustResize" >
72-->src\main\AndroidManifest.xml:43:9-51
73            <intent-filter>
73-->src\main\AndroidManifest.xml:44:9-47:25
74                <action android:name="android.intent.action.MAIN" />
74-->src\main\AndroidManifest.xml:45:13-65
74-->src\main\AndroidManifest.xml:45:21-62
75
76                <category android:name="android.intent.category.LAUNCHER" />
76-->src\main\AndroidManifest.xml:46:13-73
76-->src\main\AndroidManifest.xml:46:23-70
77            </intent-filter>
78        </activity>
79        <activity android:name="com.facebook.react.devsupport.DevSettingsActivity" />
79-->src\main\AndroidManifest.xml:49:7-84
79-->src\main\AndroidManifest.xml:49:17-81
80
81        <meta-data
81-->[:unimodules-react-native-adapter] AndroidManifest.xml:12:9-14:91
82            android:name="org.unimodules.core.AppLoader#react-native-headless"
82-->[:unimodules-react-native-adapter] AndroidManifest.xml:13:13-79
83            android:value="org.unimodules.adapters.react.apploader.RNHeadlessAppLoader" />
83-->[:unimodules-react-native-adapter] AndroidManifest.xml:14:13-88
84
85        <provider
85-->[:react-native-image-picker] AndroidManifest.xml:10:9-18:20
86            android:name="com.imagepicker.FileProvider"
86-->[:react-native-image-picker] AndroidManifest.xml:11:13-56
87            android:authorities="com.deliveryapp.provider"
87-->[:react-native-image-picker] AndroidManifest.xml:12:13-60
88            android:exported="false"
88-->[:react-native-image-picker] AndroidManifest.xml:13:13-37
89            android:grantUriPermissions="true" >
89-->[:react-native-image-picker] AndroidManifest.xml:14:13-47
90            <meta-data
90-->[:react-native-image-picker] AndroidManifest.xml:15:13-17:58
91                android:name="android.support.FILE_PROVIDER_PATHS"
91-->[:react-native-image-picker] AndroidManifest.xml:16:17-67
92                android:resource="@xml/provider_paths" />
92-->[:react-native-image-picker] AndroidManifest.xml:17:17-55
93        </provider>
94        <provider
94-->[:expo-file-system] AndroidManifest.xml:18:9-27:20
95            android:name="expo.modules.filesystem.FileSystemFileProvider"
95-->[:expo-file-system] AndroidManifest.xml:19:13-74
96            android:authorities="com.deliveryapp.FileSystemFileProvider"
96-->[:expo-file-system] AndroidManifest.xml:20:13-74
97            android:exported="false"
97-->[:expo-file-system] AndroidManifest.xml:21:13-37
98            android:grantUriPermissions="true" >
98-->[:expo-file-system] AndroidManifest.xml:22:13-47
99            <meta-data
99-->[:react-native-image-picker] AndroidManifest.xml:15:13-17:58
100                android:name="android.support.FILE_PROVIDER_PATHS"
100-->[:react-native-image-picker] AndroidManifest.xml:16:17-67
101                android:resource="@xml/file_system_provider_paths" />
101-->[:react-native-image-picker] AndroidManifest.xml:17:17-55
102        </provider>
103
104        <service
104-->[:expo-location] AndroidManifest.xml:16:9-18:40
105            android:name="expo.modules.location.services.LocationTaskService"
105-->[:expo-location] AndroidManifest.xml:17:13-78
106            android:exported="false" />
106-->[:expo-location] AndroidManifest.xml:18:13-37
107
108        <provider
108-->[com.mapbox.mapboxsdk:mapbox-android-telemetry:5.0.0] AndroidManifest.xml:18:9-22:39
109            android:name="com.mapbox.android.telemetry.provider.MapboxTelemetryInitProvider"
109-->[com.mapbox.mapboxsdk:mapbox-android-telemetry:5.0.0] AndroidManifest.xml:19:13-93
110            android:authorities="com.deliveryapp.mapboxtelemetryinitprovider"
110-->[com.mapbox.mapboxsdk:mapbox-android-telemetry:5.0.0] AndroidManifest.xml:20:13-79
111            android:exported="false"
111-->[com.mapbox.mapboxsdk:mapbox-android-telemetry:5.0.0] AndroidManifest.xml:21:13-37
112            android:initOrder="100" />
112-->[com.mapbox.mapboxsdk:mapbox-android-telemetry:5.0.0] AndroidManifest.xml:22:13-36
113
114        <service
114-->[com.mapbox.mapboxsdk:mapbox-android-telemetry:5.0.0] AndroidManifest.xml:24:9-26:72
115            android:name="com.mapbox.android.telemetry.crash.CrashReporterJobIntentService"
115-->[com.mapbox.mapboxsdk:mapbox-android-telemetry:5.0.0] AndroidManifest.xml:25:13-92
116            android:permission="android.permission.BIND_JOB_SERVICE" />
116-->[com.mapbox.mapboxsdk:mapbox-android-telemetry:5.0.0] AndroidManifest.xml:26:13-69
117
118        <activity
118-->[com.google.firebase:firebase-auth:19.3.1] AndroidManifest.xml:24:9-31:50
119            android:name="com.google.firebase.auth.internal.FederatedSignInActivity"
119-->[com.google.firebase:firebase-auth:19.3.1] AndroidManifest.xml:25:13-85
120            android:excludeFromRecents="true"
120-->[com.google.firebase:firebase-auth:19.3.1] AndroidManifest.xml:26:13-46
121            android:exported="true"
121-->[com.google.firebase:firebase-auth:19.3.1] AndroidManifest.xml:27:13-36
122            android:launchMode="singleTask"
122-->[com.google.firebase:firebase-auth:19.3.1] AndroidManifest.xml:28:13-44
123            android:permission="com.google.firebase.auth.api.gms.permission.LAUNCH_FEDERATED_SIGN_IN"
123-->[com.google.firebase:firebase-auth:19.3.1] AndroidManifest.xml:29:13-102
124            android:theme="@android:style/Theme.Translucent.NoTitleBar" />
124-->[com.google.firebase:firebase-auth:19.3.1] AndroidManifest.xml:30:13-72
125
126        <service
126-->[com.google.firebase:firebase-auth:19.3.1] AndroidManifest.xml:33:9-39:19
127            android:name="com.google.firebase.components.ComponentDiscoveryService"
127-->[com.google.firebase:firebase-auth:19.3.1] AndroidManifest.xml:34:13-84
128            android:directBootAware="true"
128-->[com.google.firebase:firebase-common:19.3.0] AndroidManifest.xml:34:13-43
129            android:exported="false" >
129-->[com.google.firebase:firebase-auth:19.3.1] AndroidManifest.xml:35:13-37
130            <meta-data
130-->[com.google.firebase:firebase-auth:19.3.1] AndroidManifest.xml:36:13-38:85
131                android:name="com.google.firebase.components:com.google.firebase.auth.FirebaseAuthRegistrar"
131-->[com.google.firebase:firebase-auth:19.3.1] AndroidManifest.xml:37:17-109
132                android:value="com.google.firebase.components.ComponentRegistrar" />
132-->[com.google.firebase:firebase-auth:19.3.1] AndroidManifest.xml:38:17-82
133            <meta-data
133-->[com.google.firebase:firebase-storage:19.1.1] AndroidManifest.xml:33:13-35:85
134                android:name="com.google.firebase.components:com.google.firebase.storage.StorageRegistrar"
134-->[com.google.firebase:firebase-storage:19.1.1] AndroidManifest.xml:34:17-107
135                android:value="com.google.firebase.components.ComponentRegistrar" />
135-->[com.google.firebase:firebase-storage:19.1.1] AndroidManifest.xml:35:17-82
136            <meta-data
136-->[com.google.firebase:firebase-database:19.3.1] AndroidManifest.xml:32:13-34:85
137                android:name="com.google.firebase.components:com.google.firebase.database.DatabaseRegistrar"
137-->[com.google.firebase:firebase-database:19.3.1] AndroidManifest.xml:33:17-109
138                android:value="com.google.firebase.components.ComponentRegistrar" />
138-->[com.google.firebase:firebase-database:19.3.1] AndroidManifest.xml:34:17-82
139            <meta-data
139-->[com.google.android.gms:play-services-measurement-api:17.4.3] AndroidManifest.xml:30:13-32:85
140                android:name="com.google.firebase.components:com.google.firebase.analytics.connector.internal.AnalyticsConnectorRegistrar"
140-->[com.google.android.gms:play-services-measurement-api:17.4.3] AndroidManifest.xml:31:17-139
141                android:value="com.google.firebase.components.ComponentRegistrar" />
141-->[com.google.android.gms:play-services-measurement-api:17.4.3] AndroidManifest.xml:32:17-82
142            <meta-data
142-->[com.google.firebase:firebase-iid:20.1.5] AndroidManifest.xml:32:13-34:85
143                android:name="com.google.firebase.components:com.google.firebase.iid.Registrar"
143-->[com.google.firebase:firebase-iid:20.1.5] AndroidManifest.xml:33:17-96
144                android:value="com.google.firebase.components.ComponentRegistrar" />
144-->[com.google.firebase:firebase-iid:20.1.5] AndroidManifest.xml:34:17-82
145            <meta-data
145-->[com.google.firebase:firebase-installations:16.2.1] AndroidManifest.xml:17:13-19:85
146                android:name="com.google.firebase.components:com.google.firebase.installations.FirebaseInstallationsRegistrar"
146-->[com.google.firebase:firebase-installations:16.2.1] AndroidManifest.xml:18:17-127
147                android:value="com.google.firebase.components.ComponentRegistrar" />
147-->[com.google.firebase:firebase-installations:16.2.1] AndroidManifest.xml:19:17-82
148        </service>
149
150        <receiver
150-->[com.google.firebase:firebase-iid:20.1.5] AndroidManifest.xml:37:9-44:20
151            android:name="com.google.firebase.iid.FirebaseInstanceIdReceiver"
151-->[com.google.firebase:firebase-iid:20.1.5] AndroidManifest.xml:38:13-78
152            android:exported="true"
152-->[com.google.firebase:firebase-iid:20.1.5] AndroidManifest.xml:39:13-36
153            android:permission="com.google.android.c2dm.permission.SEND" >
153-->[com.google.firebase:firebase-iid:20.1.5] AndroidManifest.xml:40:13-73
154            <intent-filter>
154-->[com.google.firebase:firebase-iid:20.1.5] AndroidManifest.xml:41:13-43:29
155                <action android:name="com.google.android.c2dm.intent.RECEIVE" />
155-->[com.google.firebase:firebase-iid:20.1.5] AndroidManifest.xml:42:17-81
155-->[com.google.firebase:firebase-iid:20.1.5] AndroidManifest.xml:42:25-78
156            </intent-filter>
157        </receiver>
158
159        <activity
159-->[com.google.android.gms:play-services-base:17.1.0] AndroidManifest.xml:23:9-26:75
160            android:name="com.google.android.gms.common.api.GoogleApiActivity"
160-->[com.google.android.gms:play-services-base:17.1.0] AndroidManifest.xml:24:13-79
161            android:exported="false"
161-->[com.google.android.gms:play-services-base:17.1.0] AndroidManifest.xml:25:13-37
162            android:theme="@android:style/Theme.Translucent.NoTitleBar" />
162-->[com.google.android.gms:play-services-base:17.1.0] AndroidManifest.xml:26:13-72
163
164        <receiver
164-->[com.google.android.gms:play-services-measurement:17.4.3] AndroidManifest.xml:29:9-33:20
165            android:name="com.google.android.gms.measurement.AppMeasurementReceiver"
165-->[com.google.android.gms:play-services-measurement:17.4.3] AndroidManifest.xml:30:13-85
166            android:enabled="true"
166-->[com.google.android.gms:play-services-measurement:17.4.3] AndroidManifest.xml:31:13-35
167            android:exported="false" >
167-->[com.google.android.gms:play-services-measurement:17.4.3] AndroidManifest.xml:32:13-37
168        </receiver>
169
170        <service
170-->[com.google.android.gms:play-services-measurement:17.4.3] AndroidManifest.xml:35:9-38:40
171            android:name="com.google.android.gms.measurement.AppMeasurementService"
171-->[com.google.android.gms:play-services-measurement:17.4.3] AndroidManifest.xml:36:13-84
172            android:enabled="true"
172-->[com.google.android.gms:play-services-measurement:17.4.3] AndroidManifest.xml:37:13-35
173            android:exported="false" />
173-->[com.google.android.gms:play-services-measurement:17.4.3] AndroidManifest.xml:38:13-37
174        <service
174-->[com.google.android.gms:play-services-measurement:17.4.3] AndroidManifest.xml:39:9-43:72
175            android:name="com.google.android.gms.measurement.AppMeasurementJobService"
175-->[com.google.android.gms:play-services-measurement:17.4.3] AndroidManifest.xml:40:13-87
176            android:enabled="true"
176-->[com.google.android.gms:play-services-measurement:17.4.3] AndroidManifest.xml:41:13-35
177            android:exported="false"
177-->[com.google.android.gms:play-services-measurement:17.4.3] AndroidManifest.xml:42:13-37
178            android:permission="android.permission.BIND_JOB_SERVICE" />
178-->[com.google.android.gms:play-services-measurement:17.4.3] AndroidManifest.xml:43:13-69
179
180        <provider
180-->[com.google.firebase:firebase-common:19.3.0] AndroidManifest.xml:26:9-30:39
181            android:name="com.google.firebase.provider.FirebaseInitProvider"
181-->[com.google.firebase:firebase-common:19.3.0] AndroidManifest.xml:27:13-77
182            android:authorities="com.deliveryapp.firebaseinitprovider"
182-->[com.google.firebase:firebase-common:19.3.0] AndroidManifest.xml:28:13-72
183            android:exported="false"
183-->[com.google.firebase:firebase-common:19.3.0] AndroidManifest.xml:29:13-37
184            android:initOrder="100" />
184-->[com.google.firebase:firebase-common:19.3.0] AndroidManifest.xml:30:13-36
185
186        <meta-data
186-->[com.google.android.gms:play-services-basement:17.0.0] AndroidManifest.xml:23:9-25:69
187            android:name="com.google.android.gms.version"
187-->[com.google.android.gms:play-services-basement:17.0.0] AndroidManifest.xml:24:13-58
188            android:value="@integer/google_play_services_version" />
188-->[com.google.android.gms:play-services-basement:17.0.0] AndroidManifest.xml:25:13-66
189
190        <service
190-->[androidx.room:room-runtime:2.1.0] AndroidManifest.xml:25:9-27:40
191            android:name="androidx.room.MultiInstanceInvalidationService"
191-->[androidx.room:room-runtime:2.1.0] AndroidManifest.xml:26:13-74
192            android:exported="false" />
192-->[androidx.room:room-runtime:2.1.0] AndroidManifest.xml:27:13-37
193        <service
193-->[io.nlopez.smartlocation:library:3.2.11] AndroidManifest.xml:19:9-21:40
194            android:name="io.nlopez.smartlocation.activity.providers.ActivityGooglePlayServicesProvider$ActivityRecognitionService"
194-->[io.nlopez.smartlocation:library:3.2.11] AndroidManifest.xml:20:13-132
195            android:exported="false" />
195-->[io.nlopez.smartlocation:library:3.2.11] AndroidManifest.xml:21:13-37
196        <service
196-->[io.nlopez.smartlocation:library:3.2.11] AndroidManifest.xml:22:9-24:40
197            android:name="io.nlopez.smartlocation.geofencing.providers.GeofencingGooglePlayServicesProvider$GeofencingService"
197-->[io.nlopez.smartlocation:library:3.2.11] AndroidManifest.xml:23:13-127
198            android:exported="false" />
198-->[io.nlopez.smartlocation:library:3.2.11] AndroidManifest.xml:24:13-37
199        <service
199-->[io.nlopez.smartlocation:library:3.2.11] AndroidManifest.xml:25:9-27:40
200            android:name="io.nlopez.smartlocation.geocoding.providers.AndroidGeocodingProvider$AndroidGeocodingService"
200-->[io.nlopez.smartlocation:library:3.2.11] AndroidManifest.xml:26:13-120
201            android:exported="false" />
201-->[io.nlopez.smartlocation:library:3.2.11] AndroidManifest.xml:27:13-37
202    </application>
203
204</manifest>